<?xml version="1.0" encoding="UTF-8"?>
<!-- Generated by org.testng.reporters.JUnitReportReporter -->
<testsuite skipped="0" hostname="HIBAIL56180" name="org.IExecutionListenerTest" tests="1" failures="0" timestamp="01 Jan 2020 19:10:54 GMT" time="0.030" errors="0">
  <testcase name="test1" time="0.030" classname="org.IExecutionListenerTest"/>
</testsuite> <!-- org.IExecutionListenerTest -->
