<?xml version="1.0" encoding="UTF-8"?>
<!-- Generated by org.testng.reporters.JUnitReportReporter -->
<testsuite skipped="0" hostname="HIBAIL56180" name="org.IInvokedMethodListenersTest" tests="1" failures="0" timestamp="01 Jan 2020 19:03:18 GMT" time="0.021" errors="0">
  <testcase name="test1" time="0.021" classname="org.IInvokedMethodListenersTest"/>
</testsuite> <!-- org.IInvokedMethodListenersTest -->
