<?xml version="1.0" encoding="UTF-8"?>
<!-- Generated by org.testng.reporters.JUnitReportReporter -->
<testsuite skipped="0" hostname="HIBAIL56180" name="parameters.parameteroverridesuiteleveltotestleve" tests="1" failures="0" timestamp="21 Feb 2018 12:35:59 GMT" time="0.016" errors="0">
  <testcase name="testpara" time="0.016" classname="parameters.parameteroverridesuiteleveltotestleve"/>
</testsuite> <!-- parameters.parameteroverridesuiteleveltotestleve -->
