<?xml version="1.0" encoding="UTF-8"?>
<!-- Generated by org.testng.reporters.JUnitReportReporter -->
<testsuite skipped="0" hostname="HIBAIL56180" name="org.DataProviderWithTheClass" tests="6" failures="0" timestamp="21 Feb 2018 12:45:41 GMT" time="0.040" errors="0">
  <testcase name="createUser" time="0.004" classname="org.DataProviderWithTheClass"/>
  <testcase name="test1" time="0.010" classname="org.DataProviderWithTheClass"/>
  <testcase name="createUser" time="0.019" classname="org.DataProviderWithTheClass"/>
  <testcase name="test1" time="0.002" classname="org.DataProviderWithTheClass"/>
  <testcase name="test1" time="0.002" classname="org.DataProviderWithTheClass"/>
  <testcase name="createUser" time="0.003" classname="org.DataProviderWithTheClass"/>
</testsuite> <!-- org.DataProviderWithTheClass -->
